<?xml version="1.0" encoding="UTF-8"?>
<!-- Generated by org.testng.reporters.JUnitReportReporter -->
<testsuite hostname="Darya" failures="0" tests="1" name="com.test.DragDrop" time="7.088" errors="0" timestamp="2024-12-17T09:02:25 EST" skipped="0">
  <testcase classname="com.test.DragDrop" name="DragDropTest" time="7.088"/>
</testsuite> <!-- com.test.DragDrop -->
