<?xml version="1.0" encoding="UTF-8"?>
<!-- Generated by org.testng.reporters.JUnitReportReporter -->
<testsuite hostname="Darya" failures="0" tests="2" name="com.test.Multiple" time="4.306" errors="0" timestamp="2024-12-10T08:32:51 EST" skipped="0">
  <testcase classname="com.test.Multiple" name="MouseHovering" time="3.952"/>
  <testcase classname="com.test.Multiple" name="DropDown" time="0.354"/>
</testsuite> <!-- com.test.Multiple -->
