<?xml version="1.0" encoding="UTF-8"?>
<!-- Generated by org.testng.reporters.JUnitReportReporter -->
<testsuite hostname="Darya" failures="0" tests="1" name="com.test.DragDrop" time="4.310" errors="0" timestamp="2024-12-10T08:32:51 EST" skipped="0">
  <testcase classname="com.test.DragDrop" name="DragDropTest" time="4.310"/>
</testsuite> <!-- com.test.DragDrop -->
